<?xml version="1.0" encoding="UTF-8"?>
<!-- Generated by org.testng.reporters.JUnitReportReporter -->
<testsuite hostname="HATI-SDG00096" failures="0" tests="2" name="BillingTest.Add_charge_Discount_Final_Bill_Multiple_Payment_Method_Full_settlement" time="300.160" errors="0" timestamp="2023-12-15T15:21:14 IST" skipped="0">
  <testcase classname="BillingTest.Add_charge_Discount_Final_Bill_Multiple_Payment_Method_Full_settlement" name="TC_02_Add_charge_Discount_Final_Bill_Multiple_Payment_Method_Full_settlement" time="290.012"/>
  <system-out/>
  <testcase classname="BillingTest.Add_charge_Discount_Final_Bill_Multiple_Payment_Method_Full_settlement" name="TC_01_Verify_Login" time="10.148"/>
  <system-out/>
</testsuite> <!-- BillingTest.Add_charge_Discount_Final_Bill_Multiple_Payment_Method_Full_settlement -->
