<?xml version="1.0" encoding="UTF-8"?>
<!-- Generated by org.testng.reporters.JUnitReportReporter -->
<testsuite hostname="HATI-SDG00096" failures="0" tests="3" name="BillingTest.New_Registration_Encounter_creation_OP_Bill_Search_patient_Add_charges_Final_Bill_Partial_Settlement" time="0.229" errors="1" timestamp="2024-01-11T18:30:02 IST" skipped="2">
  <testcase classname="BillingTest.New_Registration_Encounter_creation_OP_Bill_Search_patient_Add_charges_Final_Bill_Partial_Settlement" name="startBrowser" time="0.228">
    <error type="atu.testrecorder.exceptions.ATUTestRecorderException">
      <![CDATA[[ATU Test Recorder Exception] Directory ".\Videos" does not exist.
at atu.testrecorder.ATUTestRecorder.<init>(ATUTestRecorder.java:184)
at BillingTest.New_Registration_Encounter_creation_OP_Bill_Search_patient_Add_charges_Final_Bill_Partial_Settlement.startBrowser(New_Registration_Encounter_creation_OP_Bill_Search_patient_Add_charges_Final_Bill_Partial_Settlement.java:60)
at java.base/jdk.internal.reflect.NativeMethodAccessorImpl.invoke0(Native Method)
at java.base/jdk.internal.reflect.NativeMethodAccessorImpl.invoke(NativeMethodAccessorImpl.java:77)
at java.base/jdk.internal.reflect.DelegatingMethodAccessorImpl.invoke(DelegatingMethodAccessorImpl.java:43)
at java.base/java.lang.reflect.Method.invoke(Method.java:568)
at org.testng.internal.MethodInvocationHelper.invokeMethod(MethodInvocationHelper.java:133)
at org.testng.internal.MethodInvocationHelper.invokeMethodConsideringTimeout(MethodInvocationHelper.java:62)
at org.testng.internal.ConfigInvoker.invokeConfigurationMethod(ConfigInvoker.java:385)
at org.testng.internal.ConfigInvoker.invokeConfigurations(ConfigInvoker.java:321)
at org.testng.TestRunner.invokeTestConfigurations(TestRunner.java:637)
at org.testng.TestRunner.beforeRun(TestRunner.java:627)
at org.testng.TestRunner.run(TestRunner.java:589)
at org.testng.SuiteRunner.runTest(SuiteRunner.java:377)
at org.testng.SuiteRunner.runSequentially(SuiteRunner.java:371)
at org.testng.SuiteRunner.privateRun(SuiteRunner.java:332)
at org.testng.SuiteRunner.run(SuiteRunner.java:276)
at org.testng.SuiteRunnerWorker.runSuite(SuiteRunnerWorker.java:53)
at org.testng.SuiteRunnerWorker.run(SuiteRunnerWorker.java:96)
at org.testng.TestNG.runSuitesSequentially(TestNG.java:1212)
at org.testng.TestNG.runSuitesLocally(TestNG.java:1134)
at org.testng.TestNG.runSuites(TestNG.java:1063)
at org.testng.TestNG.run(TestNG.java:1031)
at org.testng.remote.AbstractRemoteTestNG.run(AbstractRemoteTestNG.java:115)
at org.testng.remote.RemoteTestNG.initAndRun(RemoteTestNG.java:251)
at org.testng.remote.RemoteTestNG.main(RemoteTestNG.java:77)
]]>
    </error>
  </testcase> <!-- startBrowser -->
  <system-out/>
  <testcase classname="BillingTest.New_Registration_Encounter_creation_OP_Bill_Search_patient_Add_charges_Final_Bill_Partial_Settlement" name="TC_02_New_Registration_Encounter_creation_OP_Bill_Search_patient_Add_charges_Final_Bill_Partial_Settlement" time="0.001">
    <skipped/>
  </testcase> <!-- TC_02_New_Registration_Encounter_creation_OP_Bill_Search_patient_Add_charges_Final_Bill_Partial_Settlement -->
  <system-out/>
  <testcase classname="BillingTest.New_Registration_Encounter_creation_OP_Bill_Search_patient_Add_charges_Final_Bill_Partial_Settlement" name="TC_01_Verify_Login" time="0.000">
    <skipped/>
  </testcase> <!-- TC_01_Verify_Login -->
  <system-out/>
</testsuite> <!-- BillingTest.New_Registration_Encounter_creation_OP_Bill_Search_patient_Add_charges_Final_Bill_Partial_Settlement -->
