<?xml version="1.0" encoding="UTF-8"?>
<!-- Generated by org.testng.reporters.JUnitReportReporter -->
<testsuite hostname="HATI-SDG00096" failures="0" tests="2" name="BillingTest.Existing_Patient_OPCharge_WithGroup_Discount_Save_Self_Test" time="395.067" errors="0" timestamp="2024-01-11T00:15:42 IST" skipped="0">
  <testcase classname="BillingTest.Existing_Patient_OPCharge_WithGroup_Discount_Save_Self_Test" name="TC_02_Existing_Patient_OP_Charge_With_Group_Discount_Save_Self" time="384.466"/>
  <system-out/>
  <testcase classname="BillingTest.Existing_Patient_OPCharge_WithGroup_Discount_Save_Self_Test" name="TC_01_Verify_Login" time="10.601"/>
  <system-out/>
</testsuite> <!-- BillingTest.Existing_Patient_OPCharge_WithGroup_Discount_Save_Self_Test -->
