<?xml version="1.0" encoding="UTF-8"?>
<!-- Generated by org.testng.reporters.JUnitReportReporter -->
<testsuite hostname="HATI-SDG00096" failures="0" tests="2" name="BillingTest.OP_Company_Deposit_Singal_Payment_Method_Test" time="79.244" errors="0" timestamp="2024-01-11T00:15:42 IST" skipped="0">
  <testcase classname="BillingTest.OP_Company_Deposit_Singal_Payment_Method_Test" name="TC_01_Verify_Login" time="10.636"/>
  <system-out/>
  <testcase classname="BillingTest.OP_Company_Deposit_Singal_Payment_Method_Test" name="TC_02_User_Able_To_Do_Deposit_Against_Company_Singale_Payment" time="68.608"/>
  <system-out/>
</testsuite> <!-- BillingTest.OP_Company_Deposit_Singal_Payment_Method_Test -->
