<?xml version="1.0" encoding="UTF-8"?>
<!-- Generated by org.testng.reporters.JUnitReportReporter -->
<testsuite hostname="HATI-SDG00096" failures="0" tests="2" name="BillingTest.Debit_Note_Advanced_search" time="60.243" errors="0" timestamp="2024-01-11T00:15:42 IST" skipped="0">
  <testcase classname="BillingTest.Debit_Note_Advanced_search" name="TC_02_Debit_Note_Advanced_search" time="49.649"/>
  <system-out/>
  <testcase classname="BillingTest.Debit_Note_Advanced_search" name="TC_01_Verify_Login" time="10.594"/>
  <system-out/>
</testsuite> <!-- BillingTest.Debit_Note_Advanced_search -->
