<?xml version="1.0" encoding="UTF-8"?>
<!-- Generated by org.testng.reporters.JUnitReportReporter -->
<testsuite hostname="HATI-SDG00096" failures="0" tests="2" name="BillingTest.OP_Bill_Final_Bill_Full_Settlement_Debit_Note_Billing_Summary_Debit_Note_List_Cancel_DN" time="243.363" errors="0" timestamp="2024-01-11T00:15:42 IST" skipped="0">
  <testcase classname="BillingTest.OP_Bill_Final_Bill_Full_Settlement_Debit_Note_Billing_Summary_Debit_Note_List_Cancel_DN" name="TC_01_Verify_Login" time="15.865"/>
  <system-out/>
  <testcase classname="BillingTest.OP_Bill_Final_Bill_Full_Settlement_Debit_Note_Billing_Summary_Debit_Note_List_Cancel_DN" name="TC_02_OP_Bill_Final_Bill_Full_Settlement_Debit_Note_Billing_Summary_Debit_Note_List_Cancel_DN" time="227.498"/>
  <system-out/>
</testsuite> <!-- BillingTest.OP_Bill_Final_Bill_Full_Settlement_Debit_Note_Billing_Summary_Debit_Note_List_Cancel_DN -->
