<?xml version="1.0" encoding="UTF-8"?>
<!-- Generated by org.testng.reporters.JUnitReportReporter -->
<testsuite hostname="HATI-SDG00096" failures="0" tests="2" name="BillingTest.Debit_Note_Final_Bill_Partial_Settlement" time="219.399" errors="0" timestamp="2024-01-11T00:15:42 IST" skipped="0">
  <testcase classname="BillingTest.Debit_Note_Final_Bill_Partial_Settlement" name="TC_01_Verify_Login" time="10.580"/>
  <system-out/>
  <testcase classname="BillingTest.Debit_Note_Final_Bill_Partial_Settlement" name="TC_02_New_Registration_Encounter_creation_Debit_Note_Final_Bill_Partial_Settlement" time="208.819"/>
  <system-out/>
</testsuite> <!-- BillingTest.Debit_Note_Final_Bill_Partial_Settlement -->
