<?xml version="1.0" encoding="UTF-8"?>
<!-- Generated by org.testng.reporters.JUnitReportReporter -->
<testsuite hostname="HATI-SDG00096" failures="0" tests="3" name="BillingTest.OPCharge_Advance_Search_Test" time="0.006" errors="1" timestamp="2024-01-10T11:34:03 IST" skipped="2">
  <testcase classname="BillingTest.OPCharge_Advance_Search_Test" name="startBrowser" time="0.006">
    <error message="Unresolved compilation problems: 
	dateFormat cannot be resolved
	date cannot be resolved to a variable
" type="java.lang.Error">
      <![CDATA[java.lang.Error: Unresolved compilation problems: 
dateFormat cannot be resolved
date cannot be resolved to a variable

at BillingTest.OPCharge_Advance_Search_Test.startBrowser(OPCharge_Advance_Search_Test.java:56)
at java.base/jdk.internal.reflect.NativeMethodAccessorImpl.invoke0(Native Method)
at java.base/jdk.internal.reflect.NativeMethodAccessorImpl.invoke(NativeMethodAccessorImpl.java:77)
at java.base/jdk.internal.reflect.DelegatingMethodAccessorImpl.invoke(DelegatingMethodAccessorImpl.java:43)
at java.base/java.lang.reflect.Method.invoke(Method.java:568)
at org.testng.internal.MethodInvocationHelper.invokeMethod(MethodInvocationHelper.java:133)
at org.testng.internal.MethodInvocationHelper.invokeMethodConsideringTimeout(MethodInvocationHelper.java:62)
at org.testng.internal.ConfigInvoker.invokeConfigurationMethod(ConfigInvoker.java:385)
at org.testng.internal.ConfigInvoker.invokeConfigurations(ConfigInvoker.java:321)
at org.testng.TestRunner.invokeTestConfigurations(TestRunner.java:637)
at org.testng.TestRunner.beforeRun(TestRunner.java:627)
at org.testng.TestRunner.run(TestRunner.java:589)
at org.testng.SuiteRunner.runTest(SuiteRunner.java:377)
at org.testng.SuiteRunner.runSequentially(SuiteRunner.java:371)
at org.testng.SuiteRunner.privateRun(SuiteRunner.java:332)
at org.testng.SuiteRunner.run(SuiteRunner.java:276)
at org.testng.SuiteRunnerWorker.runSuite(SuiteRunnerWorker.java:53)
at org.testng.SuiteRunnerWorker.run(SuiteRunnerWorker.java:96)
at org.testng.TestNG.runSuitesSequentially(TestNG.java:1212)
at org.testng.TestNG.runSuitesLocally(TestNG.java:1134)
at org.testng.TestNG.runSuites(TestNG.java:1063)
at org.testng.TestNG.run(TestNG.java:1031)
at org.testng.remote.AbstractRemoteTestNG.run(AbstractRemoteTestNG.java:115)
at org.testng.remote.RemoteTestNG.initAndRun(RemoteTestNG.java:251)
at org.testng.remote.RemoteTestNG.main(RemoteTestNG.java:77)
]]>
    </error>
  </testcase> <!-- startBrowser -->
  <system-out/>
  <testcase classname="BillingTest.OPCharge_Advance_Search_Test" name="TC_01_Verify_Login" time="0.000">
    <skipped/>
  </testcase> <!-- TC_01_Verify_Login -->
  <system-out/>
  <testcase classname="BillingTest.OPCharge_Advance_Search_Test" name="TC_02_OPCharge_Screen" time="0.000">
    <skipped/>
  </testcase> <!-- TC_02_OPCharge_Screen -->
  <system-out/>
</testsuite> <!-- BillingTest.OPCharge_Advance_Search_Test -->
