<?xml version="1.0" encoding="UTF-8"?>
<!-- Generated by org.testng.reporters.JUnitReportReporter -->
<testsuite hostname="HATI-SDG00096" failures="0" tests="2" name="BillingTest.New_Registration_Encounter_creation_Debit_Note_Oustanding_Invoice" time="221.844" errors="0" timestamp="2024-01-11T00:15:42 IST" skipped="0">
  <testcase classname="BillingTest.New_Registration_Encounter_creation_Debit_Note_Oustanding_Invoice" name="TC_02_New_Registration_Encounter_creation_Debit_Note_Oustanding_Invoice" time="204.119"/>
  <system-out/>
  <testcase classname="BillingTest.New_Registration_Encounter_creation_Debit_Note_Oustanding_Invoice" name="TC_01_Verify_Login" time="17.725"/>
  <system-out/>
</testsuite> <!-- BillingTest.New_Registration_Encounter_creation_Debit_Note_Oustanding_Invoice -->
