<?xml version="1.0" encoding="UTF-8"?>
<!-- Generated by org.testng.reporters.JUnitReportReporter -->
<testsuite hostname="HATI-SDG00096" failures="0" tests="2" name="BillingTest.Debit_Note_with_discount_Section_Final_Bill_Partial_Settlement" time="237.464" errors="0" timestamp="2024-01-11T00:15:42 IST" skipped="0">
  <testcase classname="BillingTest.Debit_Note_with_discount_Section_Final_Bill_Partial_Settlement" name="TC_02_Debit_Note_with_discount_Section_Final_Bill_Partial_Settlement" time="220.935"/>
  <system-out/>
  <testcase classname="BillingTest.Debit_Note_with_discount_Section_Final_Bill_Partial_Settlement" name="TC_01_Verify_Login" time="16.529"/>
  <system-out/>
</testsuite> <!-- BillingTest.Debit_Note_with_discount_Section_Final_Bill_Partial_Settlement -->
