<?xml version="1.0" encoding="UTF-8"?>
<!-- Generated by org.testng.reporters.JUnitReportReporter -->
<testsuite hostname="HATI-SDG00096" failures="0" tests="2" name="BillingTest.New_Registration_Encounter_creation_OP_Bill_Search_patient_Add_charge_Final_Bill_Multiple_Payment_Method_Full_settlement" time="304.122" errors="0" timestamp="2024-01-11T00:15:42 IST" skipped="0">
  <testcase classname="BillingTest.New_Registration_Encounter_creation_OP_Bill_Search_patient_Add_charge_Final_Bill_Multiple_Payment_Method_Full_settlement" name="TC_01_Verify_Login" time="10.712"/>
  <system-out/>
  <testcase classname="BillingTest.New_Registration_Encounter_creation_OP_Bill_Search_patient_Add_charge_Final_Bill_Multiple_Payment_Method_Full_settlement" name="TC_02_New_Registration_Encounter_creation_OP_Bill_Search_patient_Add_charge_Final_Bill_Multiple_Payment_Method_Full_settlement" time="293.410"/>
  <system-out/>
</testsuite> <!-- BillingTest.New_Registration_Encounter_creation_OP_Bill_Search_patient_Add_charge_Final_Bill_Multiple_Payment_Method_Full_settlement -->
