<?xml version="1.0" encoding="UTF-8"?>
<!-- Generated by org.testng.reporters.JUnitReportReporter -->
<testsuite hostname="HATI-SDG00096" failures="0" tests="2" name="BillingTest.IPCharges_for_Self_Payer" time="69.010" errors="0" timestamp="2023-12-15T15:21:14 IST" skipped="0">
  <testcase classname="BillingTest.IPCharges_for_Self_Payer" name="TC_01_Verify_Login" time="10.123"/>
  <system-out/>
  <testcase classname="BillingTest.IPCharges_for_Self_Payer" name="Verify_That_User_Is_Able_to_Add_IP_Charges_For_Patient" time="58.887"/>
  <system-out/>
</testsuite> <!-- BillingTest.IPCharges_for_Self_Payer -->
