<?xml version="1.0" encoding="UTF-8"?>
<!-- Generated by org.testng.reporters.JUnitReportReporter -->
<testsuite hostname="HATI-SDG00096" failures="0" tests="2" name="BillingTest.OP_Company_Full_Refund_Test" time="123.862" errors="0" timestamp="2024-01-11T00:15:42 IST" skipped="0">
  <testcase classname="BillingTest.OP_Company_Full_Refund_Test" name="TC_01_Verify_Login" time="10.582"/>
  <system-out/>
  <testcase classname="BillingTest.OP_Company_Full_Refund_Test" name="TC_02_User_Able_To_Do_Full_Refund_Against_Company" time="113.280"/>
  <system-out/>
</testsuite> <!-- BillingTest.OP_Company_Full_Refund_Test -->
