<?xml version="1.0" encoding="UTF-8"?>
<!-- Generated by org.testng.reporters.JUnitReportReporter -->
<testsuite hostname="HATI-SDG00096" failures="0" tests="2" name="BillingTest.Billing_Summary_Advanced_search" time="49.723" errors="0" timestamp="2024-01-11T00:15:42 IST" skipped="0">
  <testcase classname="BillingTest.Billing_Summary_Advanced_search" name="TC_01_Verify_Login" time="10.594"/>
  <system-out/>
  <testcase classname="BillingTest.Billing_Summary_Advanced_search" name="TC_02_Billing_Summary_Advanced_search" time="39.129"/>
  <system-out/>
</testsuite> <!-- BillingTest.Billing_Summary_Advanced_search -->
