<?xml version="1.0" encoding="UTF-8"?>
<!-- Generated by org.testng.reporters.JUnitReportReporter -->
<testsuite hostname="HATI-SDG00096" failures="0" tests="2" name="BillingTest.GL_Approval_OP_BillSearch_patient_Add_charge_Add_discount_Final_Bill" time="254.486" errors="0" timestamp="2024-01-11T00:15:42 IST" skipped="0">
  <testcase classname="BillingTest.GL_Approval_OP_BillSearch_patient_Add_charge_Add_discount_Final_Bill" name="TC_01_Verify_Login" time="10.592"/>
  <system-out/>
  <testcase classname="BillingTest.GL_Approval_OP_BillSearch_patient_Add_charge_Add_discount_Final_Bill" name="TC_0_GL_Approval_OP_BillSearch_patient_Add_charge_Add_discount_Final_Bill" time="243.894"/>
  <system-out/>
</testsuite> <!-- BillingTest.GL_Approval_OP_BillSearch_patient_Add_charge_Add_discount_Final_Bill -->
