<?xml version="1.0" encoding="UTF-8"?>
<!-- Generated by org.testng.reporters.JUnitReportReporter -->
<testsuite hostname="HATI-SDG00096" failures="0" tests="2" name="BillingTest.GLApproval_OP_Test" time="269.073" errors="0" timestamp="2023-12-21T19:06:48 IST" skipped="0">
  <testcase classname="BillingTest.GLApproval_OP_Test" name="TC_02_User_Able_To_Update_GL_Approval" time="258.521"/>
  <system-out/>
  <testcase classname="BillingTest.GLApproval_OP_Test" name="TC_01_Verify_Login" time="10.552"/>
  <system-out/>
</testsuite> <!-- BillingTest.GLApproval_OP_Test -->
