<?xml version="1.0" encoding="UTF-8"?>
<!-- Generated by org.testng.reporters.JUnitReportReporter -->
<testsuite hostname="HATI-SDG00096" failures="0" tests="2" name="BillingTest.OPCharge_Charges_Save_Self_Test" time="234.709" errors="0" timestamp="2024-01-11T00:15:42 IST" skipped="0">
  <testcase classname="BillingTest.OPCharge_Charges_Save_Self_Test" name="TC_02_User_Able_To_Save_OPCharges" time="223.969"/>
  <system-out/>
  <testcase classname="BillingTest.OPCharge_Charges_Save_Self_Test" name="TC_01_Verify_Login" time="10.740"/>
  <system-out/>
</testsuite> <!-- BillingTest.OPCharge_Charges_Save_Self_Test -->
