<?xml version="1.0" encoding="UTF-8"?>
<!-- Generated by org.testng.reporters.JUnitReportReporter -->
<testsuite hostname="HATI-SDG00096" failures="0" tests="2" name="BillingTest.IP_BILL_Advanced_Search_Test" time="59.610" errors="0" timestamp="2023-12-21T19:06:48 IST" skipped="0">
  <testcase classname="BillingTest.IP_BILL_Advanced_Search_Test" name="TC_01_Verify_Login" time="10.396"/>
  <system-out/>
  <testcase classname="BillingTest.IP_BILL_Advanced_Search_Test" name="Verify_That_User_Is_Able_to_Search_IP_Patient_IN_IP_BIllScreen_Advanced_Search" time="49.214"/>
  <system-out/>
</testsuite> <!-- BillingTest.IP_BILL_Advanced_Search_Test -->
