<?xml version="1.0" encoding="UTF-8"?>
<!-- Generated by org.testng.reporters.JUnitReportReporter -->
<testsuite hostname="HATI-SDG00096" failures="0" tests="2" name="BillingTest_2.Billing_Company_Deposit_Cash_Save_Test" time="56.717" errors="0" timestamp="2024-01-10T13:04:19 IST" skipped="0">
  <testcase classname="BillingTest_2.Billing_Company_Deposit_Cash_Save_Test" name="TC_01_Verify_Login" time="3.015"/>
  <system-out/>
  <testcase classname="BillingTest_2.Billing_Company_Deposit_Cash_Save_Test" name="TC_02_Verify_Taht_User_Is_Able_To_Add_Company_Deposit_By_Cash" time="53.702"/>
  <system-out/>
</testsuite> <!-- BillingTest_2.Billing_Company_Deposit_Cash_Save_Test -->
