<?xml version="1.0" encoding="UTF-8"?>
<!-- Generated by org.testng.reporters.JUnitReportReporter -->
<testsuite hostname="HATI-SDG00096" failures="0" tests="2" name="BillingTest.OPCharge_Charges_Save_With_Discount_Self_Test" time="208.326" errors="0" timestamp="2024-01-11T00:15:42 IST" skipped="0">
  <testcase classname="BillingTest.OPCharge_Charges_Save_With_Discount_Self_Test" name="TC_01_Verify_Login" time="10.620"/>
  <system-out/>
  <testcase classname="BillingTest.OPCharge_Charges_Save_With_Discount_Self_Test" name="TC_02_User_Able_Save_OPCharge_With_Discount" time="197.706"/>
  <system-out/>
</testsuite> <!-- BillingTest.OPCharge_Charges_Save_With_Discount_Self_Test -->
