<?xml version="1.0" encoding="UTF-8"?>
<!-- Generated by org.testng.reporters.JUnitReportReporter -->
<testsuite hostname="HATI-SDG00096" failures="0" tests="2" name="BillingTest.Debit_Note_with_Grid_discount_Final_Bill_Full_Settlement" time="233.194" errors="0" timestamp="2024-01-11T00:15:42 IST" skipped="0">
  <testcase classname="BillingTest.Debit_Note_with_Grid_discount_Final_Bill_Full_Settlement" name="TC_01_Verify_Login" time="10.477"/>
  <system-out/>
  <testcase classname="BillingTest.Debit_Note_with_Grid_discount_Final_Bill_Full_Settlement" name="TC_02_Debit_Note_with_Grid_discount_Final_Bill_Full_Settlement" time="222.717"/>
  <system-out/>
</testsuite> <!-- BillingTest.Debit_Note_with_Grid_discount_Final_Bill_Full_Settlement -->
