<?xml version="1.0" encoding="UTF-8"?>
<!-- Generated by org.testng.reporters.JUnitReportReporter -->
<testsuite hostname="HATI-SDG00096" failures="0" tests="2" name="BillingTest.IP_Charge_Advanced_Search_Test" time="57.621" errors="0" timestamp="2023-12-15T15:21:14 IST" skipped="0">
  <testcase classname="BillingTest.IP_Charge_Advanced_Search_Test" name="TC_01_Verify_Login" time="9.940"/>
  <system-out/>
  <testcase classname="BillingTest.IP_Charge_Advanced_Search_Test" name="Verify_That_User_Is_Able_to_Search_IP_Patient_IN_IP_ChargeScreen_Advanced_Search" time="47.681"/>
  <system-out/>
</testsuite> <!-- BillingTest.IP_Charge_Advanced_Search_Test -->
