<?xml version="1.0" encoding="UTF-8"?>
<!-- Generated by org.testng.reporters.JUnitReportReporter -->
<testsuite hostname="HATI-SDG00096" failures="0" tests="2" name="BillingTest.OP_Bill_Final_Bill_Outstanding_Billing_Summary_Invoice_Cancel_Bill" time="231.645" errors="0" timestamp="2024-01-11T00:15:42 IST" skipped="0">
  <testcase classname="BillingTest.OP_Bill_Final_Bill_Outstanding_Billing_Summary_Invoice_Cancel_Bill" name="TC_01_Verify_Login" time="10.540"/>
  <system-out/>
  <testcase classname="BillingTest.OP_Bill_Final_Bill_Outstanding_Billing_Summary_Invoice_Cancel_Bill" name="TC_02_OP_Bill_Final_Bill_Outstanding_Billing_Summary_Invoice_Cancel_Bill" time="221.105"/>
  <system-out/>
</testsuite> <!-- BillingTest.OP_Bill_Final_Bill_Outstanding_Billing_Summary_Invoice_Cancel_Bill -->
