<?xml version="1.0" encoding="UTF-8"?>
<!-- Generated by org.testng.reporters.JUnitReportReporter -->
<testsuite hostname="HATI-SDG00096" failures="0" tests="2" name="BillingTest.OP_Company_Partial_Refund_Test" time="124.437" errors="0" timestamp="2024-01-11T00:15:42 IST" skipped="0">
  <testcase classname="BillingTest.OP_Company_Partial_Refund_Test" name="TC_01_Verify_Login" time="10.335"/>
  <system-out/>
  <testcase classname="BillingTest.OP_Company_Partial_Refund_Test" name="TC_02_User_Able_To_Do_Partial_Refund_Against_Company" time="114.102"/>
  <system-out/>
</testsuite> <!-- BillingTest.OP_Company_Partial_Refund_Test -->
